==============================================================================
Suites                                                                        
==============================================================================
Suites.Fistrob                                                                
==============================================================================
Valid Login Test                                                      https://opensource-demo.orangehrmlive.com/index.php/dashboard
| PASS |
------------------------------------------------------------------------------
InValid Login Test                                                    | FAIL |
Element with locator 'id:txtUsernam' not found.
------------------------------------------------------------------------------
Suites.Fistrob                                                        | FAIL |
2 critical tests, 1 passed, 1 failed
2 tests total, 1 passed, 1 failed
==============================================================================
Suites                                                                | FAIL |
2 critical tests, 1 passed, 1 failed
2 tests total, 1 passed, 1 failed
==============================================================================
Output:  C:\Users\nehal\eclipse-workspace_Old\RoboFramework2\Demo\Report\pabot_results\0\output.xml
